<?xml version="1.0" encoding="UTF-8"?>
<!-- Generated by org.testng.reporters.JUnitReportReporter -->
<testsuite hostname="LAPTOP-DKASHJM8" failures="0" tests="1" name="Test.TestNG_Demo" time="6.301" errors="0" timestamp="2021-11-27T21:39:08 CET" skipped="0">
  <testcase classname="Test.TestNG_Demo" name="Search1" time="6.301"/>
  <system-out/>
</testsuite> <!-- Test.TestNG_Demo -->
