<?xml version="1.0" encoding="UTF-8"?>
<!-- Generated by org.testng.reporters.JUnitReportReporter -->
<testsuite hostname="LAPTOP-DKASHJM8" failures="0" tests="1" name="Test.TestNG_Demo2" time="9.653" errors="0" timestamp="2021-11-29T00:42:50 CET" skipped="0">
  <testcase classname="Test.TestNG_Demo2" name="Search" time="9.653"/>
  <system-out/>
</testsuite> <!-- Test.TestNG_Demo2 -->
