<?xml version="1.0" encoding="UTF-8"?>
<!-- Generated by org.testng.reporters.JUnitReportReporter -->
<testsuite skipped="0" hostname="LAPTOP-DKASHJM8" name="Test.GeneralTest" tests="4" failures="0" timestamp="2021-12-27T01:29:53 WAT" time="50.984" errors="0">
  <testcase name="OpenApplication" time="43.508" classname="Test.GeneralTest"/>
  <system-out/>
  <testcase name="AcceptCookies" time="2.680" classname="Test.GeneralTest"/>
  <system-out/>
  <testcase name="login" time="3.826" classname="Test.GeneralTest"/>
  <system-out/>
  <testcase name="ProfilInformations" time="0.970" classname="Test.GeneralTest"/>
  <system-out/>
</testsuite> <!-- Test.GeneralTest -->
